<?xml version="1.0" encoding="UTF-8"?>
<!-- Generated by org.testng.reporters.JUnitReportReporter -->
<testsuite hostname="Qspiders" failures="0" tests="1" name="Practice.ProgramTest" time="6.539" errors="0" timestamp="2024-10-24T12:15:20 IST" skipped="0">
  <testcase classname="Practice.ProgramTest" name="testCase" time="6.539"/>
  <system-out/>
</testsuite> <!-- Practice.ProgramTest -->
